{"name": "test_Package_is_not_Activated", "status": "failed", "statusDetails": {"message": "AssertionError: assert False", "trace": "self = <testCases.test_student_pkdnotactivated.TestZamit object at 0x0000018C01AB32B0>\n\n    def test_Package_is_not_Activated(self):\n        self.driver.find_element(By.ID, \"loginemail\").send_keys(\"zamit_user4@yopmail.com\")\n        time.sleep(2)\n        self.driver.find_element(By.ID, \"submit-login\").click()\n        time.sleep(2)\n    \n        # To singin\n        self.driver.find_element(By.XPATH, '//input[@id=\"password\"]').send_keys('zamit124')\n        time.sleep(2)\n        self.driver.find_element(By.XPATH, '//button[@id=\"submit-login\"]').click()\n        print(\"Login succesfully\")\n        time.sleep(3)\n    \n        dashboard = self.driver.find_element(By.XPATH, \"//div[@id='btnPopClose']\")\n        time.sleep(3)\n        if dashboard == True:\n            assert True\n        else:\n>           assert False\nE           assert False\n\ntest_student_pkdnotactivated.py:34: AssertionError"}, "start": 1680189838405, "stop": 1680189852221, "uuid": "c9fba271-33b6-4323-9208-9d17f8e78c2b", "historyId": "64afc9fca578bfa07a432ac3fdbeadf0", "testCaseId": "67cfd52be4c5d0a3dbb86694b951a9d4", "fullName": "test_student_pkdnotactivated.TestZamit#test_Package_is_not_Activated", "labels": [{"name": "tag", "value": "@pytest.mark.usefixtures('setup')"}, {"name": "suite", "value": "test_student_pkdnotactivated"}, {"name": "subSuite", "value": "TestZamit"}, {"name": "host", "value": "M061"}, {"name": "thread", "value": "23672-MainThread"}, {"name": "framework", "value": "pytest"}, {"name": "language", "value": "cpython3"}, {"name": "package", "value": "test_student_pkdnotactivated"}]}